# JRE version: Java(TM) SE Runtime Environment (8.0_231-b11) (build 1.8.0_231-b11)
# Java VM: Java HotSpot(TM) 64-Bit Server VM (25.231-b11 mixed mode windows-amd64 compressed oops)
Heap:
 PSYoungGen      total 108544K, used 16569K [0x00000000d5580000, 0x00000000dcd00000, 0x0000000100000000)
  eden space 94720K, 7% used [0x00000000d5580000,0x00000000d5c95c68,0x00000000db200000)
  from space 13824K, 67% used [0x00000000db200000,0x00000000dbb18940,0x00000000dbf80000)
  to   space 12800K, 0% used [0x00000000dc080000,0x00000000dc080000,0x00000000dcd00000)
 ParOldGen       total 69632K, used 30529K [0x0000000080000000, 0x0000000084400000, 0x00000000d5580000)
  object space 69632K, 43% used [0x0000000080000000,0x0000000081dd0488,0x0000000084400000)
 Metaspace       used 66398K, capacity 68584K, committed 68756K, reserved 1107968K
  class space    used 9081K, capacity 9599K, committed 9620K, reserved 1048576K
GC Heap History (10 events):
Event: 93.503 GC heap before
{Heap before GC invocations=26 (full 2):
 PSYoungGen      total 81408K, used 33272K [0x00000000d5580000, 0x00000000dc180000, 0x0000000100000000)
  eden space 70656K, 31% used [0x00000000d5580000,0x00000000d6b85ff0,0x00000000d9a80000)
  from space 10752K, 99% used [0x00000000d9a80000,0x00000000da4f8208,0x00000000da500000)
  to   space 13312K, 0% used [0x00000000db480000,0x00000000db480000,0x00000000dc180000)
 ParOldGen       total 39936K, used 28054K [0x0000000080000000, 0x0000000082700000, 0x00000000d5580000)
  object space 39936K, 70% used [0x0000000080000000,0x0000000081b658e8,0x0000000082700000)
 Metaspace       used 57450K, capacity 58990K, committed 59028K, reserved 1099776K
  class space    used 7887K, capacity 8310K, committed 8340K, reserved 1048576K
Event: 93.516 GC heap after
Heap after GC invocations=26 (full 2):
 PSYoungGen      total 97280K, used 2513K [0x00000000d5580000, 0x00000000dc200000, 0x0000000100000000)
  eden space 83968K, 0% used [0x00000000d5580000,0x00000000d5580000,0x00000000da780000)
  from space 13312K, 18% used [0x00000000db480000,0x00000000db6f4730,0x00000000dc180000)
  to   space 13312K, 0% used [0x00000000da780000,0x00000000da780000,0x00000000db480000)
 ParOldGen       total 39936K, used 36585K [0x0000000080000000, 0x0000000082700000, 0x00000000d5580000)
  object space 39936K, 91% used [0x0000000080000000,0x00000000823ba418,0x0000000082700000)
 Metaspace       used 57450K, capacity 58990K, committed 59028K, reserved 1099776K
  class space    used 7887K, capacity 8310K, committed 8340K, reserved 1048576K
}
Event: 93.516 GC heap before
{Heap before GC invocations=27 (full 3):
 PSYoungGen      total 97280K, used 2513K [0x00000000d5580000, 0x00000000dc200000, 0x0000000100000000)
  eden space 83968K, 0% used [0x00000000d5580000,0x00000000d5580000,0x00000000da780000)
  from space 13312K, 18% used [0x00000000db480000,0x00000000db6f4730,0x00000000dc180000)
  to   space 13312K, 0% used [0x00000000da780000,0x00000000da780000,0x00000000db480000)
 ParOldGen       total 39936K, used 36585K [0x0000000080000000, 0x0000000082700000, 0x00000000d5580000)
  object space 39936K, 91% used [0x0000000080000000,0x00000000823ba418,0x0000000082700000)
 Metaspace       used 57450K, capacity 58990K, committed 59028K, reserved 1099776K
  class space    used 7887K, capacity 8310K, committed 8340K, reserved 1048576K
Event: 93.785 GC heap after
Heap after GC invocations=27 (full 3):
 PSYoungGen      total 97280K, used 0K [0x00000000d5580000, 0x00000000dc200000, 0x0000000100000000)
  eden space 83968K, 0% used [0x00000000d5580000,0x00000000d5580000,0x00000000da780000)
  from space 13312K, 0% used [0x00000000db480000,0x00000000db480000,0x00000000dc180000)
  to   space 13312K, 0% used [0x00000000da780000,0x00000000da780000,0x00000000db480000)
 ParOldGen       total 69632K, used 30505K [0x0000000080000000, 0x0000000084400000, 0x00000000d5580000)
  object space 69632K, 43% used [0x0000000080000000,0x0000000081dca488,0x0000000084400000)
 Metaspace       used 57418K, capacity 58928K, committed 59028K, reserved 1099776K
  class space    used 7877K, capacity 8293K, committed 8340K, reserved 1048576K
}
Event: 99.576 GC heap before
{Heap before GC invocations=28 (full 3):
 PSYoungGen      total 97280K, used 83968K [0x00000000d5580000, 0x00000000dc200000, 0x0000000100000000)
  eden space 83968K, 100% used [0x00000000d5580000,0x00000000da780000,0x00000000da780000)
  from space 13312K, 0% used [0x00000000db480000,0x00000000db480000,0x00000000dc180000)
  to   space 13312K, 0% used [0x00000000da780000,0x00000000da780000,0x00000000db480000)
 ParOldGen       total 69632K, used 30505K [0x0000000080000000, 0x0000000084400000, 0x00000000d5580000)
  object space 69632K, 43% used [0x0000000080000000,0x0000000081dca488,0x0000000084400000)
 Metaspace       used 63324K, capacity 65304K, committed 65428K, reserved 1105920K
  class space    used 8801K, capacity 9279K, committed 9364K, reserved 1048576K
Event: 99.611 GC heap after
Heap after GC invocations=28 (full 3):
 PSYoungGen      total 97280K, used 8680K [0x00000000d5580000, 0x00000000dce00000, 0x0000000100000000)
  eden space 83968K, 0% used [0x00000000d5580000,0x00000000d5580000,0x00000000da780000)
  from space 13312K, 65% used [0x00000000da780000,0x00000000daffa000,0x00000000db480000)
  to   space 13824K, 0% used [0x00000000dc080000,0x00000000dc080000,0x00000000dce00000)
 ParOldGen       total 69632K, used 30513K [0x0000000080000000, 0x0000000084400000, 0x00000000d5580000)
  object space 69632K, 43% used [0x0000000080000000,0x0000000081dcc488,0x0000000084400000)
 Metaspace       used 63324K, capacity 65304K, committed 65428K, reserved 1105920K
  class space    used 8801K, capacity 9279K, committed 9364K, reserved 1048576K
}
Event: 119.171 GC heap before
{Heap before GC invocations=29 (full 3):
 PSYoungGen      total 97280K, used 92648K [0x00000000d5580000, 0x00000000dce00000, 0x0000000100000000)
  eden space 83968K, 100% used [0x00000000d5580000,0x00000000da780000,0x00000000da780000)
  from space 13312K, 65% used [0x00000000da780000,0x00000000daffa000,0x00000000db480000)
  to   space 13824K, 0% used [0x00000000dc080000,0x00000000dc080000,0x00000000dce00000)
 ParOldGen       total 69632K, used 30513K [0x0000000080000000, 0x0000000084400000, 0x00000000d5580000)
  object space 69632K, 43% used [0x0000000080000000,0x0000000081dcc488,0x0000000084400000)
 Metaspace       used 65348K, capacity 67412K, committed 67732K, reserved 1107968K
  class space    used 8992K, capacity 9509K, committed 9620K, reserved 1048576K
Event: 119.193 GC heap after
Heap after GC invocations=29 (full 3):
 PSYoungGen      total 107520K, used 8071K [0x00000000d5580000, 0x00000000dcd00000, 0x0000000100000000)
  eden space 94720K, 0% used [0x00000000d5580000,0x00000000d5580000,0x00000000db200000)
  from space 12800K, 63% used [0x00000000dc080000,0x00000000dc861c28,0x00000000dcd00000)
  to   space 13824K, 0% used [0x00000000db200000,0x00000000db200000,0x00000000dbf80000)
 ParOldGen       total 69632K, used 30521K [0x0000000080000000, 0x0000000084400000, 0x00000000d5580000)
  object space 69632K, 43% used [0x0000000080000000,0x0000000081dce488,0x0000000084400000)
 Metaspace       used 65348K, capacity 67412K, committed 67732K, reserved 1107968K
  class space    used 8992K, capacity 9509K, committed 9620K, reserved 1048576K
}
Event: 122.010 GC heap before
{Heap before GC invocations=30 (full 3):
 PSYoungGen      total 107520K, used 102791K [0x00000000d5580000, 0x00000000dcd00000, 0x0000000100000000)
  eden space 94720K, 100% used [0x00000000d5580000,0x00000000db200000,0x00000000db200000)
  from space 12800K, 63% used [0x00000000dc080000,0x00000000dc861c28,0x00000000dcd00000)
  to   space 13824K, 0% used [0x00000000db200000,0x00000000db200000,0x00000000dbf80000)
 ParOldGen       total 69632K, used 30521K [0x0000000080000000, 0x0000000084400000, 0x00000000d5580000)
  object space 69632K, 43% used [0x0000000080000000,0x0000000081dce488,0x0000000084400000)
 Metaspace       used 66277K, capacity 68356K, committed 68500K, reserved 1107968K
  class space    used 9070K, capacity 9591K, committed 9620K, reserved 1048576K
Event: 122.026 GC heap after
Heap after GC invocations=30 (full 3):
 PSYoungGen      total 108544K, used 9314K [0x00000000d5580000, 0x00000000dcd00000, 0x0000000100000000)
  eden space 94720K, 0% used [0x00000000d5580000,0x00000000d5580000,0x00000000db200000)
  from space 13824K, 67% used [0x00000000db200000,0x00000000dbb18940,0x00000000dbf80000)
  to   space 12800K, 0% used [0x00000000dc080000,0x00000000dc080000,0x00000000dcd00000)
 ParOldGen       total 69632K, used 30529K [0x0000000080000000, 0x0000000084400000, 0x00000000d5580000)
  object space 69632K, 43% used [0x0000000080000000,0x0000000081dd0488,0x0000000084400000)
 Metaspace       used 66277K, capacity 68356K, committed 68500K, reserved 1107968K
  class space    used 9070K, capacity 9591K, committed 9620K, reserved 1048576K
}

